<?xml version="1.0" encoding="UTF-8"?>
<!-- Generated by org.testng.reporters.JUnitReportReporter -->
<testsuite hostname="joshwas-MacBook-Pro.local" failures="0" tests="1" name="com.xbox.qa.testcases.LeaderboardPageTest" time="10.890" errors="0" timestamp="2022-03-12T19:32:00 CST" skipped="0">
  <testcase classname="com.xbox.qa.testcases.LeaderboardPageTest" name="ValidategamerTagsTest" time="10.890"/>
  <system-out/>
</testsuite> <!-- com.xbox.qa.testcases.LeaderboardPageTest -->
