<?xml version="1.0" encoding="UTF-8"?>
<!-- Generated by org.testng.reporters.JUnitReportReporter -->
<testsuite hostname="joshwas-MacBook-Pro.local" failures="0" tests="1" name="com.xbox.qa.testcases.HomePageTest" time="11.740" errors="0" timestamp="2022-03-08T21:20:33 CST" skipped="0">
  <testcase classname="com.xbox.qa.testcases.HomePageTest" name="validateGameTitleTest" time="11.740"/>
  <system-out/>
</testsuite> <!-- com.xbox.qa.testcases.HomePageTest -->
