<?xml version="1.0" encoding="UTF-8"?>
<!-- Generated by org.testng.reporters.JUnitReportReporter -->
<testsuite skipped="0" hostname="joshwas-MacBook-Pro.local" name="com.xbox.qa.testcases.LeaderboardPageTest" tests="2" failures="0" timestamp="2022-03-12T20:15:23 CST" time="16.598" errors="0">
  <testcase name="ValidategamerTagsTest" time="11.693" classname="com.xbox.qa.testcases.LeaderboardPageTest"/>
  <system-out/>
  <testcase name="verifyLeaderboardPageTitleTest" time="4.905" classname="com.xbox.qa.testcases.LeaderboardPageTest"/>
  <system-out/>
</testsuite> <!-- com.xbox.qa.testcases.LeaderboardPageTest -->
