<?xml version="1.0" encoding="UTF-8"?>
<!-- Generated by org.testng.reporters.JUnitReportReporter -->
<testsuite skipped="0" hostname="joshwas-MacBook-Pro.local" name="com.xbox.qa.testcases.HomePageTest" tests="4" failures="0" timestamp="2022-03-12T20:15:23 CST" time="17.005" errors="0">
  <testcase name="verifyLogoTest" time="3.224" classname="com.xbox.qa.testcases.HomePageTest"/>
  <system-out/>
  <testcase name="LeaderboardLinkTest" time="4.878" classname="com.xbox.qa.testcases.HomePageTest"/>
  <system-out/>
  <testcase name="validateGameTitleTest" time="5.975" classname="com.xbox.qa.testcases.HomePageTest"/>
  <system-out/>
  <testcase name="HomePageTitleTest" time="2.928" classname="com.xbox.qa.testcases.HomePageTest"/>
  <system-out/>
</testsuite> <!-- com.xbox.qa.testcases.HomePageTest -->
